<?xml version="1.0" encoding="UTF-8"?>
<!-- Generated by org.testng.reporters.JUnitReportReporter -->
<testsuite skipped="0" hostname="RAMYA-PC" name="ParameterizationTest.SingleDataProviderTest" tests="3" failures="0" timestamp="26 Jun 2019 18:42:11 GMT" time="0.011" errors="0">
  <testcase name="logintest" time="0.001" classname="ParameterizationTest.SingleDataProviderTest"/>
  <testcase name="logintest" time="0.008" classname="ParameterizationTest.SingleDataProviderTest"/>
  <testcase name="logintest" time="0.002" classname="ParameterizationTest.SingleDataProviderTest"/>
</testsuite> <!-- ParameterizationTest.SingleDataProviderTest -->
