<?xml version="1.0" encoding="UTF-8"?>
<!-- Generated by org.testng.reporters.JUnitReportReporter -->
<testsuite skipped="0" hostname="RAMYA-PC" name="ParameterizationTest.BrowserParamater" tests="1" failures="0" timestamp="26 Jun 2019 18:46:27 GMT" time="5.088" errors="0">
  <testcase name="browserTest" time="5.088" classname="ParameterizationTest.BrowserParamater"/>
</testsuite> <!-- ParameterizationTest.BrowserParamater -->
