<?xml version="1.0" encoding="UTF-8"?>
<!-- Generated by org.testng.reporters.JUnitReportReporter -->
<testsuite skipped="0" hostname="RAMYA-PC" name="keywordTest.ParallelTest" tests="2" failures="0" timestamp="26 Jun 2019 18:59:30 GMT" time="13.463" errors="0">
  <testcase name="sessionTwo" time="6.614" classname="keywordTest.ParallelTest"/>
  <testcase name="sessionOne" time="6.849" classname="keywordTest.ParallelTest"/>
</testsuite> <!-- keywordTest.ParallelTest -->
